<?xml version="1.0" encoding="UTF-8"?>
<testng-results ignored="0" total="3" passed="3" failed="0" skipped="0">
  <reporter-output>
  </reporter-output>
  <suite started-at="2023-03-01T10:45:57 ART" name="GetPet" finished-at="2023-03-01T10:45:57 ART" duration-ms="1">
    <groups>
    </groups>
    <test started-at="2023-03-01T10:45:57 ART" name="GetPet" finished-at="2023-03-01T10:45:57 ART" duration-ms="1">
      <class name="com.challenge.defs.GetPetTest">
        <test-method is-config="true" signature="setup()[pri:0, instance:com.challenge.defs.GetPetTest@7a799159]" started-at="2023-03-01T10:45:53 ART" name="setup" finished-at="2023-03-01T10:45:57 ART" duration-ms="3872" status="PASS">
          <reporter-output>
          </reporter-output>
        </test-method> <!-- setup -->
        <test-method is-config="true" signature="finish()[pri:0, instance:com.challenge.defs.GetPetTest@7a799159]" started-at="2023-03-01T10:45:57 ART" name="finish" finished-at="2023-03-01T10:45:57 ART" duration-ms="2" status="PASS">
          <reporter-output>
          </reporter-output>
        </test-method> <!-- finish -->
      </class> <!-- com.challenge.defs.GetPetTest -->
    </test> <!-- GetPet -->
  </suite> <!-- GetPet -->
  <suite started-at="2023-03-01T10:45:57 ART" name="UpdatePet" finished-at="2023-03-01T10:45:57 ART" duration-ms="1">
    <groups>
    </groups>
    <test started-at="2023-03-01T10:45:57 ART" name="UpdatePet" finished-at="2023-03-01T10:45:57 ART" duration-ms="1">
      <class name="com.challenge.defs.UpdatePetTest">
        <test-method is-config="true" signature="setup()[pri:0, instance:com.challenge.defs.UpdatePetTest@6dd93a21]" started-at="2023-03-01T10:45:57 ART" name="setup" finished-at="2023-03-01T10:45:57 ART" duration-ms="5" status="PASS">
          <reporter-output>
          </reporter-output>
        </test-method> <!-- setup -->
        <test-method is-config="true" signature="finish()[pri:0, instance:com.challenge.defs.UpdatePetTest@6dd93a21]" started-at="2023-03-01T10:45:57 ART" name="finish" finished-at="2023-03-01T10:45:57 ART" duration-ms="1" status="PASS">
          <reporter-output>
          </reporter-output>
        </test-method> <!-- finish -->
      </class> <!-- com.challenge.defs.UpdatePetTest -->
    </test> <!-- UpdatePet -->
  </suite> <!-- UpdatePet -->
  <suite started-at="2023-03-01T10:45:57 ART" name="Automation WebServices Challenge" finished-at="2023-03-01T10:46:07 ART" duration-ms="10256">
    <groups>
      <group name="cucumber">
        <method signature="AbstractTestNGCucumberTests.runScenario(io.cucumber.testng.PickleWrapper,io.cucumber.testng.FeatureWrapper)[pri:0, instance:com.challenge.RunCucumberTest@6d91790b]" name="runScenario" class="io.cucumber.testng.AbstractTestNGCucumberTests"/>
      </group> <!-- cucumber -->
    </groups>
    <test started-at="2023-03-01T10:45:57 ART" name="Automation WebServices Challenge on petstore.swagger.io" finished-at="2023-03-01T10:46:07 ART" duration-ms="10256">
      <class name="com.challenge.RunCucumberTest">
        <test-method is-config="true" signature="setUpClass(org.testng.ITestContext)[pri:0, instance:com.challenge.RunCucumberTest@6d91790b]" started-at="2023-03-01T10:45:57 ART" name="setUpClass" finished-at="2023-03-01T10:45:59 ART" duration-ms="2179" status="PASS">
          <params>
            <param index="0">
              <value>
                <![CDATA[org.testng.TestRunner@21c8dd3e]]>
              </value>
            </param>
          </params>
          <reporter-output>
          </reporter-output>
        </test-method> <!-- setUpClass -->
        <test-method signature="runScenario(io.cucumber.testng.PickleWrapper,io.cucumber.testng.FeatureWrapper)[pri:0, instance:com.challenge.RunCucumberTest@6d91790b]" started-at="2023-03-01T10:45:59 ART" name="runScenario" description="Runs Cucumber Scenarios" data-provider="scenarios" finished-at="2023-03-01T10:46:05 ART" duration-ms="5451" status="PASS">
          <params>
            <param index="0">
              <value>
                <![CDATA["Create a Pet"]]>
              </value>
            </param>
            <param index="1">
              <value>
                <![CDATA["Automation WebServices Challenge on petstore.swagger.io"]]>
              </value>
            </param>
          </params>
          <reporter-output>
          </reporter-output>
        </test-method> <!-- runScenario -->
        <test-method signature="runScenario(io.cucumber.testng.PickleWrapper,io.cucumber.testng.FeatureWrapper)[pri:0, instance:com.challenge.RunCucumberTest@6d91790b]" started-at="2023-03-01T10:46:05 ART" name="runScenario" description="Runs Cucumber Scenarios" data-provider="scenarios" finished-at="2023-03-01T10:46:06 ART" duration-ms="1223" status="PASS">
          <params>
            <param index="0">
              <value>
                <![CDATA["Get a Pet"]]>
              </value>
            </param>
            <param index="1">
              <value>
                <![CDATA["Automation WebServices Challenge on petstore.swagger.io"]]>
              </value>
            </param>
          </params>
          <reporter-output>
          </reporter-output>
        </test-method> <!-- runScenario -->
        <test-method signature="runScenario(io.cucumber.testng.PickleWrapper,io.cucumber.testng.FeatureWrapper)[pri:0, instance:com.challenge.RunCucumberTest@6d91790b]" started-at="2023-03-01T10:46:06 ART" name="runScenario" description="Runs Cucumber Scenarios" data-provider="scenarios" finished-at="2023-03-01T10:46:07 ART" duration-ms="1205" status="PASS">
          <params>
            <param index="0">
              <value>
                <![CDATA["Update a Pet"]]>
              </value>
            </param>
            <param index="1">
              <value>
                <![CDATA["Automation WebServices Challenge on petstore.swagger.io"]]>
              </value>
            </param>
          </params>
          <reporter-output>
          </reporter-output>
        </test-method> <!-- runScenario -->
        <test-method is-config="true" signature="tearDownClass()[pri:0, instance:com.challenge.RunCucumberTest@6d91790b]" started-at="2023-03-01T10:46:07 ART" name="tearDownClass" finished-at="2023-03-01T10:46:07 ART" duration-ms="42" status="PASS">
          <reporter-output>
          </reporter-output>
        </test-method> <!-- tearDownClass -->
      </class> <!-- com.challenge.RunCucumberTest -->
    </test> <!-- Automation WebServices Challenge on petstore.swagger.io -->
  </suite> <!-- Automation WebServices Challenge -->
  <suite started-at="2023-03-01T10:45:53 ART" name="CreatePet" finished-at="2023-03-01T10:45:53 ART" duration-ms="26">
    <groups>
    </groups>
    <test started-at="2023-03-01T10:45:53 ART" name="CreatePet" finished-at="2023-03-01T10:45:53 ART" duration-ms="26">
    </test> <!-- CreatePet -->
  </suite> <!-- CreatePet -->
</testng-results>
