<?xml version="1.0" encoding="UTF-8"?>
<!-- Generated by org.testng.reporters.JUnitXMLReporter -->
<testsuite ignored="0" hostname="LAPTOP-2GPD92DT" failures="0" tests="3" name="Automation WebServices Challenge on petstore.swagger.io" time="14.1" errors="0" timestamp="2022-10-10T15:31:19 ART">
  <testcase classname="io.cucumber.testng.AbstractTestNGCucumberTests" name="runScenario" time="9.103"/>
  <testcase classname="io.cucumber.testng.AbstractTestNGCucumberTests" name="runScenario" time="1.317"/>
  <testcase classname="io.cucumber.testng.AbstractTestNGCucumberTests" name="runScenario" time="1.201"/>
</testsuite> <!-- Automation WebServices Challenge on petstore.swagger.io -->
