<?xml version="1.0" encoding="UTF-8"?>
<!-- Generated by org.testng.reporters.JUnitXMLReporter -->
<testsuite ignored="0" hostname="LAPTOP-2GPD92DT" failures="0" tests="3" name="Automation WebServices Challenge on petstore.swagger.io" time="10.256" errors="0" timestamp="2023-03-01T10:46:07 ART">
  <testcase classname="io.cucumber.testng.AbstractTestNGCucumberTests" name="runScenario" time="5.451"/>
  <testcase classname="io.cucumber.testng.AbstractTestNGCucumberTests" name="runScenario" time="1.223"/>
  <testcase classname="io.cucumber.testng.AbstractTestNGCucumberTests" name="runScenario" time="1.205"/>
</testsuite> <!-- Automation WebServices Challenge on petstore.swagger.io -->
